2021-06-18 15:53:32.381  INFO 13824 --- [main] c.m.readinglist.ReadinglistApplication   : Starting ReadinglistApplication using Java 1.8.0_111 on eric-PC with PID 13824 (D:\workspace\springBootInAction\ch03\target\classes started by Administrator in D:\workspace\springBootInAction\ch03)
2021-06-18 15:53:32.387  INFO 13824 --- [main] c.m.readinglist.ReadinglistApplication   : No active profile set, falling back to default profiles: default
2021-06-18 15:53:33.848  INFO 13824 --- [main] .s.d.r.c.RepositoryConfigurationDelegate : Bootstrapping Spring Data JPA repositories in DEFAULT mode.
2021-06-18 15:53:33.963  INFO 13824 --- [main] .s.d.r.c.RepositoryConfigurationDelegate : Finished Spring Data repository scanning in 89 ms. Found 2 JPA repository interfaces.
2021-06-18 15:53:35.612  INFO 13824 --- [main] o.s.b.w.embedded.tomcat.TomcatWebServer  : Tomcat initialized with port(s): 8000 (http)
2021-06-18 15:53:35.640  INFO 13824 --- [main] o.apache.catalina.core.StandardService   : Starting service [Tomcat]
2021-06-18 15:53:35.641  INFO 13824 --- [main] org.apache.catalina.core.StandardEngine  : Starting Servlet engine: [Apache Tomcat/9.0.46]
2021-06-18 15:53:35.734  INFO 13824 --- [main] o.a.c.c.C.[Tomcat].[localhost].[/]       : Initializing Spring embedded WebApplicationContext
2021-06-18 15:53:35.735  INFO 13824 --- [main] w.s.c.ServletWebServerApplicationContext : Root WebApplicationContext: initialization completed in 3274 ms
2021-06-18 15:53:35.919  INFO 13824 --- [main] com.zaxxer.hikari.HikariDataSource       : HikariPool-1 - Starting...
2021-06-18 15:53:36.360  INFO 13824 --- [main] com.zaxxer.hikari.HikariDataSource       : HikariPool-1 - Start completed.
2021-06-18 15:53:36.619  INFO 13824 --- [main] o.hibernate.jpa.internal.util.LogHelper  : HHH000204: Processing PersistenceUnitInfo [name: default]
2021-06-18 15:53:36.714  INFO 13824 --- [main] org.hibernate.Version                    : HHH000412: Hibernate ORM core version 5.4.32.Final
2021-06-18 15:53:36.944  INFO 13824 --- [main] o.hibernate.annotations.common.Version   : HCANN000001: Hibernate Commons Annotations {5.1.2.Final}
2021-06-18 15:53:37.229  INFO 13824 --- [main] org.hibernate.dialect.Dialect            : HHH000400: Using dialect: org.hibernate.dialect.H2Dialect
2021-06-18 15:53:38.115  INFO 13824 --- [main] o.h.e.t.j.p.i.JtaPlatformInitiator       : HHH000490: Using JtaPlatform implementation: [org.hibernate.engine.transaction.jta.platform.internal.NoJtaPlatform]
2021-06-18 15:53:38.134  INFO 13824 --- [main] j.LocalContainerEntityManagerFactoryBean : Initialized JPA EntityManagerFactory for persistence unit 'default'
2021-06-18 15:53:38.836  WARN 13824 --- [main] JpaBaseConfiguration$JpaWebConfiguration : spring.jpa.open-in-view is enabled by default. Therefore, database queries may be performed during view rendering. Explicitly configure spring.jpa.open-in-view to disable this warning
2021-06-18 15:53:39.247  INFO 13824 --- [main] o.s.s.web.DefaultSecurityFilterChain     : Will secure any request with [org.springframework.security.web.context.request.async.WebAsyncManagerIntegrationFilter@7a17ffee, org.springframework.security.web.context.SecurityContextPersistenceFilter@2fce8243, org.springframework.security.web.header.HeaderWriterFilter@70b630d, org.springframework.security.web.csrf.CsrfFilter@70273633, org.springframework.security.web.authentication.logout.LogoutFilter@6c2e7591, org.springframework.security.web.authentication.UsernamePasswordAuthenticationFilter@74bcf1ab, org.springframework.security.web.savedrequest.RequestCacheAwareFilter@37393dab, org.springframework.security.web.servletapi.SecurityContextHolderAwareRequestFilter@10e4cc6, org.springframework.security.web.authentication.AnonymousAuthenticationFilter@7ffc4195, org.springframework.security.web.session.SessionManagementFilter@5036a286, org.springframework.security.web.access.ExceptionTranslationFilter@1756a471, org.springframework.security.web.access.intercept.FilterSecurityInterceptor@4d91d2da]
2021-06-18 15:53:40.267  INFO 13824 --- [main] o.s.b.w.embedded.tomcat.TomcatWebServer  : Tomcat started on port(s): 8000 (http) with context path ''
2021-06-18 15:53:40.286  INFO 13824 --- [main] c.m.readinglist.ReadinglistApplication   : Started ReadinglistApplication in 8.61 seconds (JVM running for 9.215)
